2019-06-24T08:12:50+00:00 CRITICAL require(): Failed opening required '/inc/widget.php' (include_path='C:\xampp\php\PEAR') in C:\xampp\htdocs\vaibekum\wp-content\themes\flatsome-child\functions.php on line 3

2019-06-24T08:12:51+00:00 CRITICAL require(): Failed opening required '/inc/widget.php' (include_path='C:\xampp\php\PEAR') in C:\xampp\htdocs\vaibekum\wp-content\themes\flatsome-child\functions.php on line 3

2019-06-24T08:13:08+00:00 CRITICAL require(): Failed opening required 'inc/widget.php' (include_path='C:\xampp\php\PEAR') in C:\xampp\htdocs\vaibekum\wp-content\themes\flatsome-child\functions.php on line 3

2019-06-24T08:38:51+00:00 CRITICAL syntax error, unexpected '"', expecting ',' or ';' in C:\xampp\htdocs\vaibekum\wp-content\themes\flatsome-child\inc\widget.php on line 42

2019-06-24T08:54:10+00:00 CRITICAL syntax error, unexpected '<' in C:\xampp\htdocs\vaibekum\wp-content\themes\flatsome-child\inc\widget.php on line 58

2019-06-24T09:47:30+00:00 CRITICAL Uncaught ArgumentCountError: Too few arguments to function add_action(), 0 passed in C:\xampp\htdocs\vaibekum\wp-content\themes\flatsome-child\functions.php on line 86 and at least 2 expected in C:\xampp\htdocs\vaibekum\wp-includes\plugin.php:405
Stack trace:
#0 C:\xampp\htdocs\vaibekum\wp-content\themes\flatsome-child\functions.php(86): add_action()
#1 C:\xampp\htdocs\vaibekum\wp-settings.php(499): include('C:\\xampp\\htdocs...')
#2 C:\xampp\htdocs\vaibekum\wp-config.php(89): require_once('C:\\xampp\\htdocs...')
#3 C:\xampp\htdocs\vaibekum\wp-load.php(37): require_once('C:\\xampp\\htdocs...')
#4 C:\xampp\htdocs\vaibekum\wp-admin\admin-ajax.php(22): require_once('C:\\xampp\\htdocs...')
#5 {main}
  thrown in C:\xampp\htdocs\vaibekum\wp-includes\plugin.php on line 405

2019-06-24T10:27:23+00:00 CRITICAL Uncaught Error: Call to undefined function get_ID() in C:\xampp\htdocs\vaibekum\wp-content\themes\flatsome-child\woocommerce\layouts\category.php:34
Stack trace:
#0 C:\xampp\htdocs\vaibekum\wp-includes\template.php(724): require()
#1 C:\xampp\htdocs\vaibekum\wp-content\plugins\woocommerce\includes\wc-core-functions.php(195): load_template('C:\\xampp\\htdocs...', false)
#2 C:\xampp\htdocs\vaibekum\wp-content\themes\flatsome-child\woocommerce\archive-product.php(27): wc_get_template_part('layouts/categor...', 'left-sidebar')
#3 C:\xampp\htdocs\vaibekum\wp-includes\template-loader.php(78): include('C:\\xampp\\htdocs...')
#4 C:\xampp\htdocs\vaibekum\wp-blog-header.php(19): require_once('C:\\xampp\\htdocs...')
#5 C:\xampp\htdocs\vaibekum\index.php(17): require('C:\\xampp\\htdocs...')
#6 {main}
  thrown in C:\xampp\htdocs\vaibekum\wp-content\themes\flatsome-child\woocommerce\layouts\category.php on line 34

2019-06-24T10:30:42+00:00 CRITICAL Uncaught ArgumentCountError: Too few arguments to function get_cat_name(), 0 passed in C:\xampp\htdocs\vaibekum\wp-content\themes\flatsome-child\woocommerce\layouts\category.php on line 34 and exactly 1 expected in C:\xampp\htdocs\vaibekum\wp-includes\category.php:216
Stack trace:
#0 C:\xampp\htdocs\vaibekum\wp-content\themes\flatsome-child\woocommerce\layouts\category.php(34): get_cat_name()
#1 C:\xampp\htdocs\vaibekum\wp-includes\template.php(724): require('C:\\xampp\\htdocs...')
#2 C:\xampp\htdocs\vaibekum\wp-content\plugins\woocommerce\includes\wc-core-functions.php(195): load_template('C:\\xampp\\htdocs...', false)
#3 C:\xampp\htdocs\vaibekum\wp-content\themes\flatsome-child\woocommerce\archive-product.php(27): wc_get_template_part('layouts/categor...', 'left-sidebar')
#4 C:\xampp\htdocs\vaibekum\wp-includes\template-loader.php(78): include('C:\\xampp\\htdocs...')
#5 C:\xampp\htdocs\vaibekum\wp-blog-header.php(19): require_once('C:\\xampp\\htdocs...')
#6 C:\xampp\htdocs\vaibekum\index.php(17): require('C in C:\xampp\htdocs\vaibekum\wp-includes\category.php on line 216

2019-06-24T10:31:05+00:00 CRITICAL Uncaught ArgumentCountError: Too few arguments to function get_cat_name(), 0 passed in C:\xampp\htdocs\vaibekum\wp-content\themes\flatsome-child\woocommerce\layouts\category.php on line 34 and exactly 1 expected in C:\xampp\htdocs\vaibekum\wp-includes\category.php:216
Stack trace:
#0 C:\xampp\htdocs\vaibekum\wp-content\themes\flatsome-child\woocommerce\layouts\category.php(34): get_cat_name()
#1 C:\xampp\htdocs\vaibekum\wp-includes\template.php(724): require('C:\\xampp\\htdocs...')
#2 C:\xampp\htdocs\vaibekum\wp-content\plugins\woocommerce\includes\wc-core-functions.php(195): load_template('C:\\xampp\\htdocs...', false)
#3 C:\xampp\htdocs\vaibekum\wp-content\themes\flatsome-child\woocommerce\archive-product.php(27): wc_get_template_part('layouts/categor...', 'left-sidebar')
#4 C:\xampp\htdocs\vaibekum\wp-content\plugins\woocommerce\includes\wc-core-functions.php(249): include('C:\\xampp\\htdocs...')
#5 C:\xampp\htdocs\vaibekum\wp-content\plugins\woocommerce\templates\taxonomy-product_cat.php(22): wc_get_templ in C:\xampp\htdocs\vaibekum\wp-includes\category.php on line 216

2019-06-24T10:43:46+00:00 CRITICAL Uncaught Error: Call to undefined function post_type_archive() in C:\xampp\htdocs\vaibekum\wp-content\themes\flatsome-child\woocommerce\layouts\category.php:35
Stack trace:
#0 C:\xampp\htdocs\vaibekum\wp-includes\template.php(724): require()
#1 C:\xampp\htdocs\vaibekum\wp-content\plugins\woocommerce\includes\wc-core-functions.php(195): load_template('C:\\xampp\\htdocs...', false)
#2 C:\xampp\htdocs\vaibekum\wp-content\themes\flatsome-child\woocommerce\archive-product.php(27): wc_get_template_part('layouts/categor...', 'left-sidebar')
#3 C:\xampp\htdocs\vaibekum\wp-includes\template-loader.php(78): include('C:\\xampp\\htdocs...')
#4 C:\xampp\htdocs\vaibekum\wp-blog-header.php(19): require_once('C:\\xampp\\htdocs...')
#5 C:\xampp\htdocs\vaibekum\index.php(17): require('C:\\xampp\\htdocs...')
#6 {main}
  thrown in C:\xampp\htdocs\vaibekum\wp-content\themes\flatsome-child\woocommerce\layouts\category.php on line 35

2019-06-24T10:46:14+00:00 CRITICAL Uncaught Error: Call to undefined function get_post_type_archive_title() in C:\xampp\htdocs\vaibekum\wp-content\themes\flatsome-child\woocommerce\layouts\category.php:35
Stack trace:
#0 C:\xampp\htdocs\vaibekum\wp-includes\template.php(724): require()
#1 C:\xampp\htdocs\vaibekum\wp-content\plugins\woocommerce\includes\wc-core-functions.php(195): load_template('C:\\xampp\\htdocs...', false)
#2 C:\xampp\htdocs\vaibekum\wp-content\themes\flatsome-child\woocommerce\archive-product.php(27): wc_get_template_part('layouts/categor...', 'left-sidebar')
#3 C:\xampp\htdocs\vaibekum\wp-includes\template-loader.php(78): include('C:\\xampp\\htdocs...')
#4 C:\xampp\htdocs\vaibekum\wp-blog-header.php(19): require_once('C:\\xampp\\htdocs...')
#5 C:\xampp\htdocs\vaibekum\index.php(17): require('C:\\xampp\\htdocs...')
#6 {main}
  thrown in C:\xampp\htdocs\vaibekum\wp-content\themes\flatsome-child\woocommerce\layouts\category.php on line 35

2019-06-24T10:47:18+00:00 CRITICAL Uncaught Error: Call to undefined function replace() in C:\xampp\htdocs\vaibekum\wp-content\themes\flatsome-child\woocommerce\layouts\category.php:35
Stack trace:
#0 C:\xampp\htdocs\vaibekum\wp-includes\template.php(724): require()
#1 C:\xampp\htdocs\vaibekum\wp-content\plugins\woocommerce\includes\wc-core-functions.php(195): load_template('C:\\xampp\\htdocs...', false)
#2 C:\xampp\htdocs\vaibekum\wp-content\themes\flatsome-child\woocommerce\archive-product.php(27): wc_get_template_part('layouts/categor...', 'left-sidebar')
#3 C:\xampp\htdocs\vaibekum\wp-includes\template-loader.php(78): include('C:\\xampp\\htdocs...')
#4 C:\xampp\htdocs\vaibekum\wp-blog-header.php(19): require_once('C:\\xampp\\htdocs...')
#5 C:\xampp\htdocs\vaibekum\index.php(17): require('C:\\xampp\\htdocs...')
#6 {main}
  thrown in C:\xampp\htdocs\vaibekum\wp-content\themes\flatsome-child\woocommerce\layouts\category.php on line 35

2019-06-24T22:42:52+00:00 CRITICAL Maximum execution time of 30 seconds exceeded in C:\xampp\htdocs\vaibekum\wp-content\themes\flatsome\inc\helpers\helpers-icons.php on line 3

2019-06-24T22:44:11+00:00 CRITICAL Maximum execution time of 30 seconds exceeded in C:\xampp\htdocs\vaibekum\wp-includes\Requests\Transport\cURL.php on line 441

